app/build/outputs/logs/manifest-merger-debug-report.txt
-- Merging decision tree log ---
manifest
ADDED from src/main/AndroidManifest.xml:1:1-244:12
	package
		ADDED from src/main/AndroidManifest.xml:2:5-35
		INJECTED from src/main/AndroidManifest.xml
		INJECTED from src/main/AndroidManifest.xml
	android:versionName
		ADDED from src/main/AndroidManifest.xml:4:5-30
		INJECTED from src/main/AndroidManifest.xml
		INJECTED from src/main/AndroidManifest.xml
	android:versionCode
		ADDED from src/main/AndroidManifest.xml:3:5-28
		INJECTED from src/main/AndroidManifest.xml
		INJECTED from src/main/AndroidManifest.xml
	xmlns:android
		ADDED from src/main/AndroidManifest.xml:1:11-69
uses-sdk
ADDED from src/main/AndroidManifest.xml:6:5-8:41
	android:targetSdkVersion
		ADDED from src/main/AndroidManifest.xml:8:9-38
		INJECTED from src/main/AndroidManifest.xml
		INJECTED from src/main/AndroidManifest.xml
	android:minSdkVersion
		ADDED from src/main/AndroidManifest.xml:7:9-35
		INJECTED from src/main/AndroidManifest.xml
		INJECTED from src/main/AndroidManifest.xml
uses-permission#android.permission.ACCESS_WIFI_STATE
ADDED from src/main/AndroidManifest.xml:10:5-76
	android:name
		ADDED from src/main/AndroidManifest.xml:10:22-73
uses-permission#android.permission.INTERNET
ADDED from src/main/AndroidManifest.xml:11:5-67
	android:name
		ADDED from src/main/AndroidManifest.xml:11:22-64
uses-permission#android.permission.ACCESS_NETWORK_STATE
ADDED from src/main/AndroidManifest.xml:12:5-79
	android:name
		ADDED from src/main/AndroidManifest.xml:12:22-76
uses-permission#android.permission.WRITE_EXTERNAL_STORAGE
ADDED from src/main/AndroidManifest.xml:13:5-81
	android:name
		ADDED from src/main/AndroidManifest.xml:13:22-78
uses-permission#android.permission.WRITE_SETTINGS
ADDED from src/main/AndroidManifest.xml:14:5-73
	android:name
		ADDED from src/main/AndroidManifest.xml:14:22-70
uses-permission#android.permission.READ_LOGS
ADDED from src/main/AndroidManifest.xml:15:5-68
	android:name
		ADDED from src/main/AndroidManifest.xml:15:22-65
uses-permission#android.permission.READ_PHONE_STATE
ADDED from src/main/AndroidManifest.xml:16:5-75
	android:name
		ADDED from src/main/AndroidManifest.xml:16:22-72
uses-permission#android.permission.RAISED_THREAD_PRIORITY
ADDED from src/main/AndroidManifest.xml:30:5-81
	android:name
		ADDED from src/main/AndroidManifest.xml:30:22-78
uses-permission#android.permission.CAMERA
ADDED from src/main/AndroidManifest.xml:31:5-65
	android:name
		ADDED from src/main/AndroidManifest.xml:31:22-62
uses-permission#android.permission.VIBRATE
ADDED from src/main/AndroidManifest.xml:32:5-66
	android:name
		ADDED from src/main/AndroidManifest.xml:32:22-63
uses-permission#android.permission.FLASHLIGHT
ADDED from src/main/AndroidManifest.xml:33:5-69
	android:name
		ADDED from src/main/AndroidManifest.xml:33:22-66
uses-permission#com.android.launcher.permission.INSTALL_SHORTCUT
ADDED from src/main/AndroidManifest.xml:34:5-88
	android:name
		ADDED from src/main/AndroidManifest.xml:34:22-85
uses-permission#android.permission.RESTART_PACKAGES
ADDED from src/main/AndroidManifest.xml:35:5-75
	android:name
		ADDED from src/main/AndroidManifest.xml:35:22-72
uses-permission#android.permission.BROADCAST_STICKY
ADDED from src/main/AndroidManifest.xml:36:5-75
	android:name
		ADDED from src/main/AndroidManifest.xml:36:22-72
uses-permission#android.permission.ACCESS_DOWNLOAD_MANAGER
ADDED from src/main/AndroidManifest.xml:37:5-82
	android:name
		ADDED from src/main/AndroidManifest.xml:37:22-79
uses-permission#android.permission.DOWNLOAD_WITHOUT_NOTIFICATION
ADDED from src/main/AndroidManifest.xml:38:5-88
	android:name
		ADDED from src/main/AndroidManifest.xml:38:22-85
uses-permission#android.permission.DISABLE_KEYGUARD
ADDED from src/main/AndroidManifest.xml:39:5-75
	android:name
		ADDED from src/main/AndroidManifest.xml:39:22-72
uses-feature#android.hardware.camera
ADDED from src/main/AndroidManifest.xml:41:5-60
	android:name
		ADDED from src/main/AndroidManifest.xml:41:19-57
uses-feature#android.hardware.camera.autofocus
ADDED from src/main/AndroidManifest.xml:42:5-70
	android:name
		ADDED from src/main/AndroidManifest.xml:42:19-67
instrumentation#android.test.InstrumentationTestRunner
ADDED from src/main/AndroidManifest.xml:44:5-46:56
	android:targetPackage
		ADDED from src/main/AndroidManifest.xml:46:9-53
	android:name
		ADDED from src/main/AndroidManifest.xml:45:9-62
application
ADDED from src/main/AndroidManifest.xml:48:5-242:19
	android:label
		ADDED from src/main/AndroidManifest.xml:51:9-41
	android:icon
		ADDED from src/main/AndroidManifest.xml:50:9-42
	android:theme
		ADDED from src/main/AndroidManifest.xml:52:9-42
	android:name
		ADDED from src/main/AndroidManifest.xml:49:9-38
uses-library#android.test.runner
ADDED from src/main/AndroidManifest.xml:53:9-60
	android:name
		ADDED from src/main/AndroidManifest.xml:53:23-57
meta-data#UMENG_APPKEY
ADDED from src/main/AndroidManifest.xml:55:9-58:21
	android:value
		ADDED from src/main/AndroidManifest.xml:57:13-53
	android:name
		ADDED from src/main/AndroidManifest.xml:56:13-40
activity#com.fada.sellsteward.ProImageActivity
ADDED from src/main/AndroidManifest.xml:60:9-68:20
	android:label
		ADDED from src/main/AndroidManifest.xml:62:13-56
	android:name
		ADDED from src/main/AndroidManifest.xml:61:13-45
intent-filter#android.intent.action.MAIN+android.intent.category.LAUNCHER
ADDED from src/main/AndroidManifest.xml:63:13-67:29
action#android.intent.action.MAIN
ADDED from src/main/AndroidManifest.xml:64:17-69
	android:name
		ADDED from src/main/AndroidManifest.xml:64:25-66
category#android.intent.category.LAUNCHER
ADDED from src/main/AndroidManifest.xml:66:17-77
	android:name
		ADDED from src/main/AndroidManifest.xml:66:27-74
activity#com.fada.sellsteward.MainActivity
ADDED from src/main/AndroidManifest.xml:69:9-72:20
	android:theme
		ADDED from src/main/AndroidManifest.xml:71:13-60
	android:name
		ADDED from src/main/AndroidManifest.xml:70:13-41
activity#com.fada.sellsteward.WaresActivity
ADDED from src/main/AndroidManifest.xml:73:9-76:20
	android:theme
		ADDED from src/main/AndroidManifest.xml:75:13-60
	android:name
		ADDED from src/main/AndroidManifest.xml:74:13-42
activity#com.fada.sellsteward.GoSellWaresActivity
ADDED from src/main/AndroidManifest.xml:77:9-81:20
	android:launchMode
		ADDED from src/main/AndroidManifest.xml:79:13-44
	android:theme
		ADDED from src/main/AndroidManifest.xml:80:13-60
	android:name
		ADDED from src/main/AndroidManifest.xml:78:13-48
activity#com.fada.sellsteward.DetailInWaresSellActivity
ADDED from src/main/AndroidManifest.xml:82:9-85:20
	android:theme
		ADDED from src/main/AndroidManifest.xml:84:13-60
	android:name
		ADDED from src/main/AndroidManifest.xml:83:13-54
activity#com.fada.sellsteward.SearchActivity
ADDED from src/main/AndroidManifest.xml:86:9-89:20
	android:theme
		ADDED from src/main/AndroidManifest.xml:88:13-60
	android:name
		ADDED from src/main/AndroidManifest.xml:87:13-43
activity#com.fada.sellsteward.AutoActivity
ADDED from src/main/AndroidManifest.xml:90:9-93:20
	android:theme
		ADDED from src/main/AndroidManifest.xml:92:13-60
	android:name
		ADDED from src/main/AndroidManifest.xml:91:13-41
activity#com.tencent.weibo.webview.OAuthV1AuthorizeWebView
ADDED from src/main/AndroidManifest.xml:94:9-97:20
	android:theme
		ADDED from src/main/AndroidManifest.xml:96:13-60
	android:name
		ADDED from src/main/AndroidManifest.xml:95:13-77
activity#com.tencent.weibo.webview.OAuthV2AuthorizeWebView
ADDED from src/main/AndroidManifest.xml:100:9-103:20
	android:theme
		ADDED from src/main/AndroidManifest.xml:102:13-60
	android:name
		ADDED from src/main/AndroidManifest.xml:101:13-77
activity#com.fada.sellsteward.BKDataActivity
ADDED from src/main/AndroidManifest.xml:104:9-108:20
	android:launchMode
		ADDED from src/main/AndroidManifest.xml:106:13-44
	android:theme
		ADDED from src/main/AndroidManifest.xml:107:13-60
	android:name
		ADDED from src/main/AndroidManifest.xml:105:13-63
activity#com.fada.sellsteward.myweibo.sina.weibo.PlayWeiboActivity
ADDED from src/main/AndroidManifest.xml:109:9-112:20
	android:theme
		ADDED from src/main/AndroidManifest.xml:111:13-60
	android:name
		ADDED from src/main/AndroidManifest.xml:110:13-65
activity#com.fada.sellsteward.myweibo.sina.weibo.WebViewActivity
ADDED from src/main/AndroidManifest.xml:113:9-116:20
	android:theme
		ADDED from src/main/AndroidManifest.xml:115:13-60
	android:name
		ADDED from src/main/AndroidManifest.xml:114:13-63
activity#com.fada.sellsteward.gallery_3d.Iamge3DActivity
ADDED from src/main/AndroidManifest.xml:117:9-120:20
	android:theme
		ADDED from src/main/AndroidManifest.xml:119:13-71
	android:name
		ADDED from src/main/AndroidManifest.xml:118:13-55
activity#com.fada.sellsteward.gallery_3d.ImageActivity
ADDED from src/main/AndroidManifest.xml:121:9-124:20
	android:theme
		ADDED from src/main/AndroidManifest.xml:123:13-60
	android:name
		ADDED from src/main/AndroidManifest.xml:122:13-53
activity#com.fada.sellsteward.InputInWaresActivity
ADDED from src/main/AndroidManifest.xml:125:9-128:20
	android:theme
		ADDED from src/main/AndroidManifest.xml:127:13-60
	android:name
		ADDED from src/main/AndroidManifest.xml:126:13-49
activity#com.fada.sellsteward.SellDetailActivity
ADDED from src/main/AndroidManifest.xml:129:9-132:20
	android:theme
		ADDED from src/main/AndroidManifest.xml:131:13-60
	android:name
		ADDED from src/main/AndroidManifest.xml:130:13-47
activity#com.fada.sellsteward.WaresDetailActivity
ADDED from src/main/AndroidManifest.xml:133:9-136:20
	android:theme
		ADDED from src/main/AndroidManifest.xml:135:13-60
	android:name
		ADDED from src/main/AndroidManifest.xml:134:13-48
activity#com.fada.sellsteward.CustomerDetailActivity
ADDED from src/main/AndroidManifest.xml:137:9-140:20
	android:theme
		ADDED from src/main/AndroidManifest.xml:139:13-60
	android:name
		ADDED from src/main/AndroidManifest.xml:138:13-50
activity#com.fada.sellsteward.MoreActivity
ADDED from src/main/AndroidManifest.xml:141:9-144:20
	android:theme
		ADDED from src/main/AndroidManifest.xml:143:13-60
	android:name
		ADDED from src/main/AndroidManifest.xml:142:13-41
activity#com.fada.sellsteward.DetailInWaresActivity
ADDED from src/main/AndroidManifest.xml:145:9-148:20
	android:theme
		ADDED from src/main/AndroidManifest.xml:147:13-60
	android:name
		ADDED from src/main/AndroidManifest.xml:146:13-49
activity#com.fada.sellsteward.InputSellActivity
ADDED from src/main/AndroidManifest.xml:149:9-152:20
	android:theme
		ADDED from src/main/AndroidManifest.xml:151:13-60
	android:name
		ADDED from src/main/AndroidManifest.xml:150:13-46
activity#com.fada.sellsteward.view.scan.ErcodeScanActivity
ADDED from src/main/AndroidManifest.xml:153:9-156:20
	android:theme
		ADDED from src/main/AndroidManifest.xml:155:13-60
	android:name
		ADDED from src/main/AndroidManifest.xml:154:13-57
activity#com.fada.sellsteward.InputTextActivity
ADDED from src/main/AndroidManifest.xml:158:9-161:20
	android:theme
		ADDED from src/main/AndroidManifest.xml:160:13-60
	android:name
		ADDED from src/main/AndroidManifest.xml:159:13-46
activity#com.fada.sellsteward.WaresNoStockDetailActivity
ADDED from src/main/AndroidManifest.xml:162:9-165:20
	android:theme
		ADDED from src/main/AndroidManifest.xml:164:13-60
	android:name
		ADDED from src/main/AndroidManifest.xml:163:13-55
activity#com.fada.sellsteward.AboutActivity
ADDED from src/main/AndroidManifest.xml:166:9-169:20
	android:theme
		ADDED from src/main/AndroidManifest.xml:168:13-60
	android:name
		ADDED from src/main/AndroidManifest.xml:167:13-42
activity#com.fada.sellsteward.scalecode.CaptureActivity
ADDED from src/main/AndroidManifest.xml:170:9-176:20
	android:screenOrientation
		ADDED from src/main/AndroidManifest.xml:173:13-50
	android:windowSoftInputMode
		ADDED from src/main/AndroidManifest.xml:175:13-60
	android:configChanges
		ADDED from src/main/AndroidManifest.xml:172:13-63
	android:theme
		ADDED from src/main/AndroidManifest.xml:174:13-71
	android:name
		ADDED from src/main/AndroidManifest.xml:171:13-54
provider#com.fada.sellsteward.db.MyContentProvider
ADDED from src/main/AndroidManifest.xml:178:9-181:20
	android:authorities
		ADDED from src/main/AndroidManifest.xml:180:13-76
	android:name
		ADDED from src/main/AndroidManifest.xml:179:13-49
service#com.fada.sellsteward.service.SellService
ADDED from src/main/AndroidManifest.xml:183:9-184:19
	android:name
		ADDED from src/main/AndroidManifest.xml:183:18-53
activity#com.umeng.fb.ConversationActivity
ADDED from src/main/AndroidManifest.xml:186:9-70
	android:name
		ADDED from src/main/AndroidManifest.xml:186:19-67
activity#com.umeng.fb.ContactActivity
ADDED from src/main/AndroidManifest.xml:187:9-65
	android:name
		ADDED from src/main/AndroidManifest.xml:187:19-62
service#com.umeng.update.net.DownloadingService
ADDED from src/main/AndroidManifest.xml:189:9-192:19
	android:process
		ADDED from src/main/AndroidManifest.xml:191:13-50
	android:name
		ADDED from src/main/AndroidManifest.xml:190:13-67
activity#com.umeng.update.UpdateDialogActivity
ADDED from src/main/AndroidManifest.xml:194:9-197:20
	android:theme
		ADDED from src/main/AndroidManifest.xml:196:13-72
	android:name
		ADDED from src/main/AndroidManifest.xml:195:13-65
receiver#com.fada.sellsteward.receiver.MyBaiduMessageReceiver
ADDED from src/main/AndroidManifest.xml:201:9-210:20
	android:name
		ADDED from src/main/AndroidManifest.xml:201:19-86
intent-filter#com.baidu.android.pushservice.action.MESSAGE+com.baidu.android.pushservice.action.RECEIVE+com.baidu.android.pushservice.action.notification.CLICK
ADDED from src/main/AndroidManifest.xml:202:13-209:29
action#com.baidu.android.pushservice.action.MESSAGE
ADDED from src/main/AndroidManifest.xml:205:17-87
	android:name
		ADDED from src/main/AndroidManifest.xml:205:25-84
action#com.baidu.android.pushservice.action.RECEIVE
ADDED from src/main/AndroidManifest.xml:207:17-87
	android:name
		ADDED from src/main/AndroidManifest.xml:207:25-84
action#com.baidu.android.pushservice.action.notification.CLICK
ADDED from src/main/AndroidManifest.xml:208:17-98
	android:name
		ADDED from src/main/AndroidManifest.xml:208:25-95
receiver#com.baidu.android.pushservice.PushServiceReceiver
ADDED from src/main/AndroidManifest.xml:213:9-223:20
	android:process
		ADDED from src/main/AndroidManifest.xml:215:13-44
	android:name
		ADDED from src/main/AndroidManifest.xml:214:13-77
intent-filter#android.intent.action.BOOT_COMPLETED+android.net.conn.CONNECTIVITY_CHANGE+com.baidu.android.pushservice.action.frontia.user+com.baidu.android.pushservice.action.media.CLICK+com.baidu.android.pushservice.action.notification.SHOW
ADDED from src/main/AndroidManifest.xml:216:13-222:29
action#android.intent.action.BOOT_COMPLETED
ADDED from src/main/AndroidManifest.xml:217:17-79
	android:name
		ADDED from src/main/AndroidManifest.xml:217:25-76
action#android.net.conn.CONNECTIVITY_CHANGE
ADDED from src/main/AndroidManifest.xml:218:17-79
	android:name
		ADDED from src/main/AndroidManifest.xml:218:25-76
action#com.baidu.android.pushservice.action.notification.SHOW
ADDED from src/main/AndroidManifest.xml:219:17-97
	android:name
		ADDED from src/main/AndroidManifest.xml:219:25-94
action#com.baidu.android.pushservice.action.media.CLICK
ADDED from src/main/AndroidManifest.xml:220:17-91
	android:name
		ADDED from src/main/AndroidManifest.xml:220:25-88
action#com.baidu.android.pushservice.action.frontia.user
ADDED from src/main/AndroidManifest.xml:221:17-92
	android:name
		ADDED from src/main/AndroidManifest.xml:221:25-89
receiver#com.baidu.android.pushservice.RegistrationReceiver
ADDED from src/main/AndroidManifest.xml:224:9-236:20
	android:process
		ADDED from src/main/AndroidManifest.xml:226:13-44
	android:name
		ADDED from src/main/AndroidManifest.xml:225:13-78
intent-filter#com.baidu.android.pushservice.action.BIND_SYNC+com.baidu.android.pushservice.action.METHOD
ADDED from src/main/AndroidManifest.xml:227:13-230:29
action#com.baidu.android.pushservice.action.METHOD
ADDED from src/main/AndroidManifest.xml:228:17-86
	android:name
		ADDED from src/main/AndroidManifest.xml:228:25-83
action#com.baidu.android.pushservice.action.BIND_SYNC
ADDED from src/main/AndroidManifest.xml:229:17-89
	android:name
		ADDED from src/main/AndroidManifest.xml:229:25-86
intent-filter#android.intent.action.PACKAGE_REMOVED
ADDED from src/main/AndroidManifest.xml:231:13-235:29
action#android.intent.action.PACKAGE_REMOVED
ADDED from src/main/AndroidManifest.xml:232:17-80
	android:name
		ADDED from src/main/AndroidManifest.xml:232:25-77
data
ADDED from src/main/AndroidManifest.xml:234:17-50
	android:scheme
		ADDED from src/main/AndroidManifest.xml:234:23-47
service#com.baidu.android.pushservice.PushService
ADDED from src/main/AndroidManifest.xml:238:9-241:47
	android:process
		ADDED from src/main/AndroidManifest.xml:241:13-44
	android:exported
		ADDED from src/main/AndroidManifest.xml:240:13-36
	android:name
		ADDED from src/main/AndroidManifest.xml:239:13-69